[0706/220806.579:WARNING:thread_snapshot_minidump.cc(89)] Snapshot X86 context support has no unit tests.
[0706/220806.581:WARNING:thread_snapshot_minidump.cc(89)] Snapshot X86 context support has no unit tests.
[0706/220806.581:WARNING:thread_snapshot_minidump.cc(89)] Snapshot X86 context support has no unit tests.
[0706/220806.581:WARNING:thread_snapshot_minidump.cc(89)] Snapshot X86 context support has no unit tests.
[0706/220806.581:WARNING:thread_snapshot_minidump.cc(89)] Snapshot X86 context support has no unit tests.
[0706/220806.581:WARNING:thread_snapshot_minidump.cc(89)] Snapshot X86 context support has no unit tests.
[0706/220806.581:WARNING:thread_snapshot_minidump.cc(89)] Snapshot X86 context support has no unit tests.
[0706/220806.582:WARNING:thread_snapshot_minidump.cc(89)] Snapshot X86 context support has no unit tests.
[0706/220806.582:WARNING:thread_snapshot_minidump.cc(89)] Snapshot X86 context support has no unit tests.
[0706/220806.582:WARNING:thread_snapshot_minidump.cc(89)] Snapshot X86 context support has no unit tests.
[0706/220806.582:WARNING:thread_snapshot_minidump.cc(89)] Snapshot X86 context support has no unit tests.
[0706/220806.582:WARNING:thread_snapshot_minidump.cc(89)] Snapshot X86 context support has no unit tests.
[0706/220806.583:WARNING:thread_snapshot_minidump.cc(89)] Snapshot X86 context support has no unit tests.
[0706/220806.583:WARNING:thread_snapshot_minidump.cc(89)] Snapshot X86 context support has no unit tests.
[0706/220806.583:WARNING:minidump_to_upload_parameters.cc(67)] duplicate annotation name metrics_client_id, discarding value 64213609027d4c5bacc893280681582e
[0706/220810.030:ERROR:crash_report_database_win.cc(828)] DeleteFile C:\Users\Р›СЋРґРјРёР»Р°\AppData\Local\Yandex\YandexBrowser\User Data\Crashpad\reports\adee5551-a89c-49e4-8d34-db434204d421.dmp: Процесс не может получить доступ к файлу, так как этот файл занят другим процессом. (0x20)
[0714/210616.026:ERROR:process_reader_win.cc(90)] NtQuerySystemInformation: {Недостаточно квот} Недостаточно квот на виртуальную память или файл подкачки для завершения требуемой операции. (0xc0000017)
[0714/210616.083:ERROR:exception_snapshot_win.cc(98)] thread ID 4548 not found in process
[0714/210616.167:ERROR:process_info.cc(359)] UncheckedAllocate
[0714/210616.267:WARNING:thread_snapshot_minidump.cc(89)] Snapshot X86 context support has no unit tests.
[0714/210616.267:WARNING:thread_snapshot_minidump.cc(89)] Snapshot X86 context support has no unit tests.
[0714/210616.267:WARNING:thread_snapshot_minidump.cc(89)] Snapshot X86 context support has no unit tests.
[0714/210616.267:WARNING:thread_snapshot_minidump.cc(89)] Snapshot X86 context support has no unit tests.
[0714/210616.267:WARNING:thread_snapshot_minidump.cc(89)] Snapshot X86 context support has no unit tests.
[0714/210616.267:WARNING:thread_snapshot_minidump.cc(89)] Snapshot X86 context support has no unit tests.
[0714/210616.267:WARNING:thread_snapshot_minidump.cc(89)] Snapshot X86 context support has no unit tests.
[0714/210616.267:WARNING:thread_snapshot_minidump.cc(89)] Snapshot X86 context support has no unit tests.
[0714/210616.267:WARNING:minidump_to_upload_parameters.cc(67)] duplicate annotation name metrics_client_id, discarding value 64213609027d4c5bacc893280681582e
[0714/210616.767:ERROR:crash_report_database_win.cc(828)] DeleteFile C:\Users\Р›СЋРґРјРёР»Р°\AppData\Local\Yandex\YandexBrowser\User Data\Crashpad\reports\42f47aa1-dfdd-4d08-988a-36acf7e97d9e.dmp: Процесс не может получить доступ к файлу, так как этот файл занят другим процессом. (0x20)
[0714/210618.235:ERROR:process_info.cc(359)] UncheckedAllocate
[0714/210620.891:ERROR:process_reader_win.cc(90)] NtQuerySystemInformation: {Недостаточно квот} Недостаточно квот на виртуальную память или файл подкачки для завершения требуемой операции. (0xc0000017)
[0714/210620.891:ERROR:exception_snapshot_win.cc(98)] thread ID 8420 not found in process
[0715/015859.649:ERROR:process_info.cc(359)] UncheckedAllocate
[0715/015900.293:WARNING:thread_snapshot_minidump.cc(89)] Snapshot X86 context support has no unit tests.
[0715/015900.293:WARNING:thread_snapshot_minidump.cc(89)] Snapshot X86 context support has no unit tests.
[0715/015900.293:WARNING:thread_snapshot_minidump.cc(89)] Snapshot X86 context support has no unit tests.
[0715/015900.293:WARNING:thread_snapshot_minidump.cc(89)] Snapshot X86 context support has no unit tests.
[0715/015900.293:WARNING:minidump_to_upload_parameters.cc(67)] duplicate annotation name metrics_client_id, discarding value 64213609027d4c5bacc893280681582e
[0715/015903.911:ERROR:crash_report_database_win.cc(828)] DeleteFile C:\Users\Р›СЋРґРјРёР»Р°\AppData\Local\Yandex\YandexBrowser\User Data\Crashpad\reports\42c4fc99-48c2-421e-b309-a0f086c80bed.dmp: Процесс не может получить доступ к файлу, так как этот файл занят другим процессом. (0x20)
